<?xml version="1.0" encoding="utf-8"?><testsuites name="pytest tests"><testsuite name="pytest" errors="0" failures="0" skipped="0" tests="3" time="0.562" timestamp="2026-04-01T23:20:15.494478+00:00" hostname="agent-env-12413899-9245-4127-b3e5-bccd85748b44"><testcase classname="backend.tests.test_public_api_regression" name="test_get_site_content_structure" time="0.209" /><testcase classname="backend.tests.test_public_api_regression" name="test_post_contact_submission_success" time="0.163" /><testcase classname="backend.tests.test_public_api_regression" name="test_post_chat_not_configured_fallback" time="0.116" /></testsuite></testsuites>